<?xml version="1.0" encoding="UTF-8"?>
<!-- Generated by org.testng.reporters.JUnitReportReporter -->
<testsuite hostname="DESKTOP-E8N4AVL" failures="0" tests="1" name="loginToHrm" time="1.305" errors="0" timestamp="2025-08-14T17:50:53 IST" skipped="0">
  <testcase classname="loginToHrm" name="login" time="1.305"/>
  <system-out/>
</testsuite> <!-- loginToHrm -->
